-------------------------------------------------------------------------------
Test set: CommonChildTest
-------------------------------------------------------------------------------
Tests run: 4, Failures: 1, Errors: 0, Skipped: 0, Time elapsed: 0.001 s <<< FAILURE! - in CommonChildTest
shouldWorkForMoreComplexExample  Time elapsed: 0.001 s  <<< FAILURE!
org.opentest4j.AssertionFailedError: expected: <2> but was: <0>
	at CommonChildTest.shouldWorkForMoreComplexExample(CommonChildTest.java:21)

