-------------------------------------------------------------------------------
Test set: PracticePainPointsTest
-------------------------------------------------------------------------------
Tests run: 19, Failures: 1, Errors: 0, Skipped: 0, Time elapsed: 0.015 s <<< FAILURE! - in PracticePainPointsTest
sortKeysFromHashMap  Time elapsed: 0.006 s  <<< FAILURE!
org.opentest4j.AssertionFailedError: expected: <brett> but was: <a>
	at PracticePainPointsTest.sortKeysFromHashMap(PracticePainPointsTest.java:192)

