<?xml version="1.0" encoding="UTF-8"?>
<testsuite xmlns:xsi="http://www.w3.org/2001/XMLSchema-instance" xsi:noNamespaceSchemaLocation="https://maven.apache.org/surefire/maven-surefire-plugin/xsd/surefire-test-report.xsd" name="PracticePainPointsTest" time="0.017" tests="35" errors="0" skipped="0" failures="0">
  <properties>
[...]
</properties>
  <testcase name="sortValuesFromHashMap" classname="PracticePainPointsTest" time="0.002"/>
  <testcase name="convertIntArrayToArrayList" classname="PracticePainPointsTest" time="0.001"/>
  <testcase name="convertSetToHashMap" classname="PracticePainPointsTest" time="0"/>
  <testcase name="convertMapToArrayInt" classname="PracticePainPointsTest" time="0.001"/>
  <testcase name="sortArrayListStringLexicographicalOrderStream" classname="PracticePainPointsTest" time="0"/>
  <testcase name="sortListOfIntegersUsingStreamReverse" classname="PracticePainPointsTest" time="0"/>
  <testcase name="sortArrayListStringAlphabeticallyStream" classname="PracticePainPointsTest" time="0"/>
  <testcase name="convertSetToMap" classname="PracticePainPointsTest" time="0"/>
  <testcase name="sortStringByShortestLengthFirst" classname="PracticePainPointsTest" time="0.001"/>
  <testcase name="sortListOfStringsUsingCollection" classname="PracticePainPointsTest" time="0"/>
  <testcase name="sortArrayListIntegersLexicographicalOrderStream" classname="PracticePainPointsTest" time="0"/>
  <testcase name="convertMapToArrayListIntegers" classname="PracticePainPointsTest" time="0.001"/>
  <testcase name="convertSetToMapPreJava8" classname="PracticePainPointsTest" time="0"/>
  <testcase name="convertMaptoHashMap" classname="PracticePainPointsTest" time="0"/>
  <testcase name="convertMapToList" classname="PracticePainPointsTest" time="0.001"/>
  <testcase name="useReduceOnListOfIntegers" classname="PracticePainPointsTest" time="0"/>
  <testcase name="sortKeysFromHashMap" classname="PracticePainPointsTest" time="0"/>
  <testcase name="sortKeysFromMap" classname="PracticePainPointsTest" time="0"/>
  <testcase name="sortListOfStringsUsingCollectionReverse" classname="PracticePainPointsTest" time="0"/>
  <testcase name="sortListOfIntegersUsingCollection" classname="PracticePainPointsTest" time="0.001"/>
  <testcase name="convertMapToArrayListObjects" classname="PracticePainPointsTest" time="0"/>
  <testcase name="sortListOfStringsUsingStream" classname="PracticePainPointsTest" time="0"/>
  <testcase name="sortValuesInSet" classname="PracticePainPointsTest" time="0.001"/>
  <testcase name="sortStringByLongestLengthFirst" classname="PracticePainPointsTest" time="0"/>
  <testcase name="sortValuesFromMap" classname="PracticePainPointsTest" time="0"/>
  <testcase name="convertMapToHashSet" classname="PracticePainPointsTest" time="0.001"/>
  <testcase name="sortListOfStringsUsingStreamReverse" classname="PracticePainPointsTest" time="0"/>
  <testcase name="sortList" classname="PracticePainPointsTest" time="0"/>
  <testcase name="sortListOfIntegersUsingCollectionReverse" classname="PracticePainPointsTest" time="0"/>
  <testcase name="convertStringArrayToArrayList" classname="PracticePainPointsTest" time="0"/>
  <testcase name="sortArrayListInReverse" classname="PracticePainPointsTest" time="0"/>
  <testcase name="convertSetToHashMapPreJava8" classname="PracticePainPointsTest" time="0"/>
  <testcase name="sortListOfIntegersUsingStream" classname="PracticePainPointsTest" time="0"/>
  <testcase name="convertMapToSet" classname="PracticePainPointsTest" time="0"/>
  <testcase name="testSortReverseLexicographically" classname="PracticePainPointsTest" time="0"/>
</testsuite>