<?xml version="1.0" encoding="UTF-8"?>
<testsuite xmlns:xsi="http://www.w3.org/2001/XMLSchema-instance" xsi:noNamespaceSchemaLocation="https://maven.apache.org/surefire/maven-surefire-plugin/xsd/surefire-test-report.xsd" name="HourGlassSumTest" time="0" tests="3" errors="0" skipped="3" failures="0">
  <properties>
[...]
</properties>
  <testcase name="testCase0" classname="HourGlassSumTest" time="0">
    <skipped message="This test is skipped because it is not meant to be implemented."/>
  </testcase>
  <testcase name="testCase1" classname="HourGlassSumTest" time="0">
    <skipped message="This test is skipped because it is not meant to be implemented."/>
  </testcase>
  <testcase name="testZeroSum" classname="HourGlassSumTest" time="0">
    <skipped message="This test is skipped because it is not meant to be implemented."/>
  </testcase>
</testsuite>